info: Label🏷️: 30-Nov-2022 10:22:42: The Colab API is running in port 5000 in development mode!
info: Label🏷️: 30-Nov-2022 11:03:41: The Colab API is running in port 5000 in development mode!
info: Label🏷️: 30-Nov-2022 11:03:50: The Colab API is running in port 5000 in development mode!
info: Label🏷️: 30-Nov-2022 11:04:01: The Colab API is running in port 5000 in development mode!
info: Label🏷️: 30-Nov-2022 11:04:29: The Colab API is running in port 5000 in development mode!
info: Label🏷️: 30-Nov-2022 11:04:31: The Colab API is running in port 5000 in development mode!
info: Label🏷️: 30-Nov-2022 11:09:56: The Colab API is running in port 5000 in development mode!
info: Label🏷️: 30-Nov-2022 11:10:25: The Colab API is running in port 5000 in development mode!
info: Label🏷️: 30-Nov-2022 11:10:27: The Colab API is running in port 5000 in development mode!
info: Label🏷️: 30-Nov-2022 11:10:29: The Colab API is running in port 5000 in development mode!
info: Label🏷️: 30-Nov-2022 11:10:30: The Colab API is running in port 5000 in development mode!
info: Label🏷️: 30-Nov-2022 11:10:43: The Colab API is running in port 5000 in development mode!
info: Label🏷️: 30-Nov-2022 11:12:38: The Colab API is running in port 5000 in development mode!
info: Label🏷️: 30-Nov-2022 11:12:47: The Colab API is running in port 5000 in development mode!
info: Label🏷️: 30-Nov-2022 11:16:53: The Colab API is running in port 5000 in development mode!
info: Label🏷️: 30-Nov-2022 11:17:36: The Colab API is running in port 5000 in development mode!
info: Label🏷️: 30-Nov-2022 11:18:35: The Colab API is running in port 5000 in development mode!
info: Label🏷️: 30-Nov-2022 11:18:53: The Colab API is running in port 5000 in development mode!
info: Label🏷️: 30-Nov-2022 11:19:15: The Colab API is running in port 5000 in development mode!
info: Label🏷️: 30-Nov-2022 11:21:20: The Colab API is running in port 5000 in development mode!
info: Label🏷️: 30-Nov-2022 11:21:42: The Colab API is running in port 5000 in development mode!
info: Label🏷️: 30-Nov-2022 11:21:50: The Colab API is running in port 5000 in development mode!
info: Label🏷️: 30-Nov-2022 11:22:02: The Colab API is running in port 5000 in development mode!
info: Label🏷️: 30-Nov-2022 11:22:29: The Colab API is running in port 5000 in development mode!
info: Label🏷️: 30-Nov-2022 11:22:35: The Colab API is running in port 5000 in development mode!
info: Label🏷️: 30-Nov-2022 11:23:09: The Colab API is running in port 5000 in development mode!
info: Label🏷️: 30-Nov-2022 11:23:29: The Colab API is running in port 5000 in development mode!
info: Label🏷️: 30-Nov-2022 11:24:16: The Colab API is running in port 5000 in development mode!
info: Label🏷️: 30-Nov-2022 11:25:03: The Colab API is running in port 5000 in development mode!
info: Label🏷️: 30-Nov-2022 11:25:12: The Colab API is running in port 5000 in development mode!
info: Label🏷️: 30-Nov-2022 11:25:16: The Colab API is running in port 5000 in development mode!
info: Label🏷️: 30-Nov-2022 11:25:24: The Colab API is running in port 5000 in development mode!
info: Label🏷️: 30-Nov-2022 11:25:31: The Colab API is running in port 5000 in development mode!
info: Label🏷️: 30-Nov-2022 11:25:37: The Colab API is running in port 5000 in development mode!
info: Label🏷️: 30-Nov-2022 11:25:55: The Colab API is running in port 5000 in development mode!
info: Label🏷️: 30-Nov-2022 11:28:54: The Colab API is running in port 5000 in development mode!
info: Label🏷️: 30-Nov-2022 11:28:57: The Colab API is running in port 5000 in development mode!
info: Label🏷️: 30-Nov-2022 11:29:17: The Colab API is running in port 5000 in development mode!
info: Label🏷️: 30-Nov-2022 11:30:03: The Colab API is running in port 5000 in development mode!
info: Label🏷️: 30-Nov-2022 11:30:12: The Colab API is running in port 5000 in development mode!
info: Label🏷️: 30-Nov-2022 11:30:27: The Colab API is running in port 5000 in development mode!
info: Label🏷️: 30-Nov-2022 11:30:59: The Colab API is running in port 5000 in development mode!
info: Label🏷️: 30-Nov-2022 11:31:01: The Colab API is running in port 5000 in development mode!
info: Label🏷️: 30-Nov-2022 11:33:26: The Colab API is running in port 5000 in development mode!
info: Label🏷️: 30-Nov-2022 11:33:59: The Colab API is running in port 5000 in development mode!
info: Label🏷️: 30-Nov-2022 11:34:37: The Colab API is running in port 5000 in development mode!
info: Label🏷️: 30-Nov-2022 11:34:48: The Colab API is running in port 5000 in development mode!
info: Label🏷️: 30-Nov-2022 11:34:55: The Colab API is running in port 5000 in development mode!
info: Label🏷️: 30-Nov-2022 11:35:07: The Colab API is running in port 5000 in development mode!
info: Label🏷️: 30-Nov-2022 11:35:26: The Colab API is running in port 5000 in development mode!
info: Label🏷️: 30-Nov-2022 11:37:17: Page 'Home' has loaded successfully!
info: Label🏷️: 30-Nov-2022 11:37:22: Page 'Home' has loaded successfully!
info: Label🏷️: 30-Nov-2022 12:55:13: Page 'Home' has loaded successfully!
info: Label🏷️: 01-Dec-2022 09:08:39: The Colab API is running in port 5000 in development mode!
info: Label🏷️: 01-Dec-2022 09:10:28: The Colab API is running in port 5000 in development mode!
info: Label🏷️: 01-Dec-2022 09:21:35: The Colab API is running in port 5000 in development mode!
info: Label🏷️: 01-Dec-2022 09:22:04: Page 'Home' has loaded successfully!
info: Label🏷️: 01-Dec-2022 09:23:16: The Colab API is running in port 5000 in development mode!
info: Label🏷️: 01-Dec-2022 09:23:26: The Colab API is running in port 5000 in development mode!
info: Label🏷️: 01-Dec-2022 09:23:55: The Colab API is running in port 5000 in development mode!
info: Label🏷️: 01-Dec-2022 09:26:00: The Colab API is running in port 5000 in development mode!
info: Label🏷️: 01-Dec-2022 09:26:03: The Colab API is running in port 5000 in development mode!
info: Label🏷️: 01-Dec-2022 09:26:06: The Colab API is running in port 5000 in development mode!
info: Label🏷️: 01-Dec-2022 09:26:19: The Colab API is running in port 5000 in development mode!
info: Label🏷️: 01-Dec-2022 09:26:23: The Colab API is running in port 5000 in development mode!
info: Label🏷️: 01-Dec-2022 09:26:34: The Colab API is running in port 5000 in development mode!
info: Label🏷️: 01-Dec-2022 09:26:46: The Colab API is running in port 5000 in development mode!
info: Label🏷️: 01-Dec-2022 09:26:59: The Colab API is running in port 5000 in development mode!
info: Label🏷️: 01-Dec-2022 09:27:13: The Colab API is running in port 5000 in development mode!
info: Label🏷️: 01-Dec-2022 09:27:45: The Colab API is running in port 5000 in development mode!
info: Label🏷️: 01-Dec-2022 09:27:49: The Colab API is running in port 5000 in development mode!
info: Label🏷️: 01-Dec-2022 09:28:27: The Colab API is running in port 5000 in development mode!
info: Label🏷️: 01-Dec-2022 09:42:22: The Colab API is running in port 5000 in development mode!
info: Label🏷️: 01-Dec-2022 09:42:30: The Colab API is running in port 5000 in development mode!
info: Label🏷️: 01-Dec-2022 09:42:32: The Colab API is running in port 5000 in development mode!
info: Label🏷️: 01-Dec-2022 09:42:33: The Colab API is running in port 5000 in development mode!
info: Label🏷️: 01-Dec-2022 09:42:36: The Colab API is running in port 5000 in development mode!
info: Label🏷️: 01-Dec-2022 09:48:00: The Colab API is running in port 5000 in development mode!
info: Label🏷️: 01-Dec-2022 09:48:07: The Colab API is running in port 5000 in development mode!
info: Label🏷️: 01-Dec-2022 10:04:32: The Colab API is running in port 5000 in development mode!
info: Label🏷️: 01-Dec-2022 10:04:38: The Colab API is running in port 5000 in development mode!
info: Label🏷️: 01-Dec-2022 10:06:05: The Colab API is running in port 5000 in development mode!
info: Label🏷️: 01-Dec-2022 10:06:18: The Colab API is running in port 5000 in development mode!
info: Label🏷️: 01-Dec-2022 10:06:21: The Colab API is running in port 5000 in development mode!
error: Label🏷️: 01-Dec-2022 10:06:31: sms test error logger
error: Label🏷️: 01-Dec-2022 10:06:31: sms test error logger
info: undefined: 01-Dec-2022 10:07:33: The Colab API is running in port 5000 in development mode!
info: undefined: 01-Dec-2022 10:08:12: The Colab API is running in port 5000 in development mode!
error: Error: 01-Dec-2022 10:08:21: sms test error logger
error: Error: 01-Dec-2022 10:08:21: sms test error logger
info: Empty: 01-Dec-2022 10:08:54: The Colab API is running in port 5000 in development mode!
error: Error: 01-Dec-2022 10:09:06: sms test error logger
error: Error: 01-Dec-2022 10:09:06: sms test error logger
error: Error: 01-Dec-2022 10:09:13: sms test error logger
error: Error: 01-Dec-2022 10:09:13: sms test error logger
error: Error: 01-Dec-2022 10:09:15: sms test error logger
error: Error: 01-Dec-2022 10:09:15: sms test error logger
info: Empty: 01-Dec-2022 10:09:29: The Colab API is running in port 5000 in development mode!
error: Empty: 01-Dec-2022 10:09:32: sms test error logger
error: Empty: 01-Dec-2022 10:09:32: sms test error logger
info: Empty: 01-Dec-2022 10:11:08: The Colab API is running in port 5000 in development mode!
info: Empty: 01-Dec-2022 10:11:19: The Colab API is running in port 5000 in development mode!
info: Empty: 01-Dec-2022 10:11:25: The Colab API is running in port 5000 in development mode!
info: Empty: 01-Dec-2022 10:11:31: The Colab API is running in port 5000 in development mode!
info: Empty: 01-Dec-2022 10:11:42: The Colab API is running in port 5000 in development mode!
info: Empty: 01-Dec-2022 10:12:20: The Colab API is running in port 5000 in development mode!
info: Empty: 01-Dec-2022 10:12:27: The Colab API is running in port 5000 in development mode!
info: Empty: 01-Dec-2022 10:12:36: The Colab API is running in port 5000 in development mode!
info: Empty: 01-Dec-2022 10:12:40: The Colab API is running in port 5000 in development mode!
info: Empty: 01-Dec-2022 10:12:41: The Colab API is running in port 5000 in development mode!
info: Empty: 01-Dec-2022 10:13:08: The Colab API is running in port 5000 in development mode!
info: Empty: 01-Dec-2022 10:13:09: The Colab API is running in port 5000 in development mode!
info: Empty: 01-Dec-2022 10:15:25: The Colab API is running in port 5000 in development mode!
info: Empty: 01-Dec-2022 10:15:44: The Colab API is running in port 5000 in development mode!
info: Empty: 01-Dec-2022 10:16:23: The Colab API is running in port 5000 in development mode!
info: undefined: 01-Dec-2022 10:16:29: The Colab API is running in port 5000 in development mode!
info: undefined: 01-Dec-2022 10:16:31: The Colab API is running in port 5000 in development mode!
info: Labl: 01-Dec-2022 10:16:47: The Colab API is running in port 5000 in development mode!
info: Label: 01-Dec-2022 10:16:48: The Colab API is running in port 5000 in development mode!
info: Label: 01-Dec-2022 10:16:53: The Colab API is running in port 5000 in development mode!
info: Label: 01-Dec-2022 10:17:10: The Colab API is running in port 5000 in development mode!
info: Label: 01-Dec-2022 10:17:11: The Colab API is running in port 5000 in development mode!
info: Label: 01-Dec-2022 10:17:15: The Colab API is running in port 5000 in development mode!
info: Label: 01-Dec-2022 10:17:38: The Colab API is running in port 5000 in development mode!
info: Label: 01-Dec-2022 10:17:43: The Colab API is running in port 5000 in development mode!
info: Label: 01-Dec-2022 10:17:56: The Colab API is running in port 5000 in development mode!
info: Label: 01-Dec-2022 10:18:00: The Colab API is running in port 5000 in development mode!
info: Label: 01-Dec-2022 10:18:03: The Colab API is running in port 5000 in development mode!
info: Label: 01-Dec-2022 10:18:05: The Colab API is running in port 5000 in development mode!
info: Label: 01-Dec-2022 10:18:06: The Colab API is running in port 5000 in development mode!
info: Label: 01-Dec-2022 10:18:40: The Colab API is running in port 5000 in development mode!
info: Label: 01-Dec-2022 10:19:03: The Colab API is running in port 5000 in development mode!
info: Label: 01-Dec-2022 10:19:21: The Colab API is running in port 5000 in development mode!
info: Label: 01-Dec-2022 10:20:28: The Colab API is running in port 5000 in development mode!
info: Label: 01-Dec-2022 10:20:32: The Colab API is running in port 5000 in development mode!
info: Label: 01-Dec-2022 10:20:40: The Colab API is running in port 5000 in development mode!
info: Label: 01-Dec-2022 10:20:45: The Colab API is running in port 5000 in development mode!
info: Label: 01-Dec-2022 10:21:16: The Colab API is running in port 5000 in development mode!
info: Label: 01-Dec-2022 10:21:43: The Colab API is running in port 5000 in development mode!
info: Label: 01-Dec-2022 10:21:52: The Colab API is running in port 5000 in development mode!
info: Label: 01-Dec-2022 10:22:58: The Colab API is running in port 5000 in development mode!
info: Label: 01-Dec-2022 10:23:20: The Colab API is running in port 5000 in development mode!
info: Label: 01-Dec-2022 10:26:33: The Colab API is running in port 5000 in development mode!
info: Label: 01-Dec-2022 10:26:36: The Colab API is running in port 5000 in development mode!
info: Label: 01-Dec-2022 10:43:30: The Colab API is running in port 5000 in development mode!
info: Label: 01-Dec-2022 10:43:51: The Colab API is running in port 5000 in development mode!
info: Label: 01-Dec-2022 10:46:46: The Colab API is running in port 5000 in development mode!
info: Label: 01-Dec-2022 10:53:58: The Colab API is running in port 5000 in development mode!
info: Label: 01-Dec-2022 10:59:25: The Colab API is running in port 5000 in development mode!
info: Label: 01-Dec-2022 11:01:55: The Colab API is running in port 5000 in development mode!
info: Label: 01-Dec-2022 11:02:59: The Colab API is running in port 5000 in development mode!
info: Label: 01-Dec-2022 11:03:29: The Colab API is running in port 5000 in development mode!
info: Label: 01-Dec-2022 11:03:32: The Colab API is running in port 5000 in development mode!
info: Label: 01-Dec-2022 11:04:03: The Colab API is running in port 5000 in development mode!
info: Label: 01-Dec-2022 11:04:41: The Colab API is running in port 5000 in development mode!
info: Label: 01-Dec-2022 11:06:43: The Colab API is running in port 5000 in development mode!
info: Label: 01-Dec-2022 11:06:45: The Colab API is running in port 5000 in development mode!
info: Label: 01-Dec-2022 11:07:15: The Colab API is running in port 5000 in development mode!
info: Label: 01-Dec-2022 11:07:49: The Colab API is running in port 5000 in development mode!
info: Label: 01-Dec-2022 11:17:36: The Colab API is running in port 5000 in development mode!
info: Label: 01-Dec-2022 11:18:14: The Colab API is running in port 5000 in development mode!
info: Label: 01-Dec-2022 11:23:49: The Colab API is running in port 5000 in development mode!
info: Label: 01-Dec-2022 11:26:25: The Colab API is running in port 5000 in development mode!
info: Label: 01-Dec-2022 11:26:44: The Colab API is running in port 5000 in development mode!
info: Label: 01-Dec-2022 11:26:46: The Colab API is running in port 5000 in development mode!
info: Label: 01-Dec-2022 11:26:56: The Colab API is running in port 5000 in development mode!
info: Label: 01-Dec-2022 11:31:20: The Colab API is running in port 5000 in development mode!
info: Label: 01-Dec-2022 11:34:27: The Colab API is running in port 5000 in development mode!
info: Label: 01-Dec-2022 11:35:02: The Colab API is running in port 5000 in development mode!
info: Label: 01-Dec-2022 11:38:00: The Colab API is running in port 5000 in development mode!
info: Label: 01-Dec-2022 12:08:44: The Colab API is running in port 5000 in development mode!
info: Label: 01-Dec-2022 12:21:59: The Colab API is running in port 5000 in development mode!
info: Label: 01-Dec-2022 12:25:08: The Colab API is running in port 5000 in development mode!
info: Label: 01-Dec-2022 12:27:46: The Colab API is running in port 5000 in development mode!
info: Label: 01-Dec-2022 12:30:03: The Colab API is running in port 5000 in development mode!
info: Label: 01-Dec-2022 12:35:25: The Colab API is running in port 5000 in development mode!
error: Label Error: 01-Dec-2022 12:35:52: Test Error | 0: SIGINT : SIGINT
info: Label: 01-Dec-2022 12:38:35: The Colab API is running in port 5000 in development mode!
info: Label: 01-Dec-2022 12:39:09: The Colab API is running in port 5000 in development mode!
info: Label: 01-Dec-2022 12:39:14: The Colab API is running in port 5000 in development mode!
info: Label: 01-Dec-2022 12:39:22: The Colab API is running in port 5000 in development mode!
info: Label: 01-Dec-2022 12:39:38: The Colab API is running in port 5000 in development mode!
info: Label: 01-Dec-2022 12:39:45: The Colab API is running in port 5000 in development mode!
info: Label: 01-Dec-2022 12:39:48: The Colab API is running in port 5000 in development mode!
info: Label: 01-Dec-2022 12:39:52: The Colab API is running in port 5000 in development mode!
info: Label: 01-Dec-2022 12:39:57: The Colab API is running in port 5000 in development mode!
info: Label: 01-Dec-2022 12:40:00: The Colab API is running in port 5000 in development mode!
info: Label: 01-Dec-2022 12:40:08: The Colab API is running in port 5000 in development mode!
info: Label: 01-Dec-2022 12:40:17: The Colab API is running in port 5000 in development mode!
info: Label: 01-Dec-2022 12:40:21: The Colab API is running in port 5000 in development mode!
info: Label: 01-Dec-2022 12:40:39: The Colab API is running in port 5000 in development mode!
info: Label: 01-Dec-2022 12:40:57: The Colab API is running in port 5000 in development mode!
info: Label: 01-Dec-2022 12:40:58: The Colab API is running in port 5000 in development mode!
info: Label: 01-Dec-2022 12:41:02: The Colab API is running in port 5000 in development mode!
info: Label: 01-Dec-2022 12:41:18: The Colab API is running in port 5000 in development mode!
info: Label: 01-Dec-2022 12:42:26: The Colab API is running in port 5000 in development mode!
info: Label: 01-Dec-2022 12:42:28: The Colab API is running in port 5000 in development mode!
info: Label: 01-Dec-2022 12:42:39: The Colab API is running in port 5000 in development mode!
error: Error: 01-Dec-2022 12:43:22: Test Error | 0: SIGINT : SIGINT
info: Label: 01-Dec-2022 12:46:54: The Colab API is running in port 5000 in development mode!
info: Label: 01-Dec-2022 13:10:28: The Colab API is running in port 5000 in development mode!
info: Label: 01-Dec-2022 13:11:00: The Colab API is running in port 5000 in development mode!
info: Label: 01-Dec-2022 13:11:11: The Colab API is running in port 5000 in development mode!
info: Label: 01-Dec-2022 13:11:21: The Colab API is running in port 5000 in development mode!
info: Label: 01-Dec-2022 13:11:25: The Colab API is running in port 5000 in development mode!
info: Label: 01-Dec-2022 13:11:27: The Colab API is running in port 5000 in development mode!
info: Label: 01-Dec-2022 13:11:32: The Colab API is running in port 5000 in development mode!
info: Label: 01-Dec-2022 13:11:55: The Colab API is running in port 5000 in development mode!
info: Label: 01-Dec-2022 13:52:01: The Colab API is running in port 5000 in development mode!
info: Label: 01-Dec-2022 14:05:41: The Colab API is running in port 5000 in development mode!
info: Label: 01-Dec-2022 14:05:57: The Colab API is running in port 5000 in development mode!
info: Label: 01-Dec-2022 14:07:38: The Colab API is running in port 5000 in development mode!
info: Label: 01-Dec-2022 14:07:41: The Colab API is running in port 5000 in development mode!
info: Label: 01-Dec-2022 14:13:00: The Colab API is running in port 5000 in development mode!
info: Label: 01-Dec-2022 14:14:49: The Colab API is running in port 5000 in development mode!
info: Info: 01-Dec-2022 14:18:36: The Colab API is running in port 5000 in development mode!
info: Info: 01-Dec-2022 14:18:41: The Colab API is running in port 5000 in development mode!
info: Info: 01-Dec-2022 14:19:10: The Colab API is running in port 5000 in development mode!
info: Info: 01-Dec-2022 14:19:11: The Colab API is running in port 5000 in development mode!
info: Info: 01-Dec-2022 14:19:15: The Colab API is running in port 5000 in development mode!
info: Info: 01-Dec-2022 14:19:19: The Colab API is running in port 5000 in development mode!
info: Info: 01-Dec-2022 14:19:21: The Colab API is running in port 5000 in development mode!
info: Info: 01-Dec-2022 14:19:32: The Colab API is running in port 5000 in development mode!
info: Info: 01-Dec-2022 14:19:36: The Colab API is running in port 5000 in development mode!
info: Info: 01-Dec-2022 14:19:41: The Colab API is running in port 5000 in development mode!
info: Info: 01-Dec-2022 14:20:28: The Colab API is running in port 5000 in development mode!
info: Info: 01-Dec-2022 14:20:30: The Colab API is running in port 5000 in development mode!
info: Info: 01-Dec-2022 14:20:34: The Colab API is running in port 5000 in development mode!
info: Info: 01-Dec-2022 14:22:20: The Colab API is running in port 5000 in development mode!
info: Info: 01-Dec-2022 14:22:23: The Colab API is running in port 5000 in development mode!
info: Info: 02-Dec-2022 10:44:19: The Colab API is running in port 5000 in development mode!
info: Info: 02-Dec-2022 10:44:34: The Colab API is running in port 5000 in development mode!
info: Info: 02-Dec-2022 10:51:28: The Colab API is running in port 5000 in development mode!
info: Info: 02-Dec-2022 10:51:29: The Colab API is running in port 5000 in development mode!
info: Info: 02-Dec-2022 10:51:46: The Colab API is running in port 5000 in development mode!
info: Info: 05-Dec-2022 09:16:13: The Colab API is running in port 5000 in development mode!
info: Info: 05-Dec-2022 09:21:18: Page 'Home' has loaded successfully!
info: Info: 05-Dec-2022 09:21:24: Page 'Home' has loaded successfully!
info: Info: 05-Dec-2022 09:22:24: The Colab API is running in port 5000 in development mode!
info: Info: 05-Dec-2022 09:25:30: The Colab API is running in port 5000 in development mode!
info: Info: 05-Dec-2022 09:46:12: The Colab API is running in port 5000 in development mode!
info: Info: 05-Dec-2022 09:46:44: The Colab API is running in port 5000 in development mode!
info: Info: 05-Dec-2022 09:46:49: The Colab API is running in port 5000 in development mode!
info: Info: 05-Dec-2022 09:46:56: The Colab API is running in port 5000 in development mode!
info: Info: 05-Dec-2022 09:47:44: The Colab API is running in port 5000 in development mode!
info: Info: 05-Dec-2022 09:48:49: The Colab API is running in port 5000 in development mode!
info: Info: 05-Dec-2022 09:48:53: The Colab API is running in port 5000 in development mode!
info: Info: 05-Dec-2022 09:49:16: The Colab API is running in port 5000 in development mode!
info: Info: 05-Dec-2022 09:49:31: The Colab API is running in port 5000 in development mode!
info: Info: 05-Dec-2022 09:50:18: The Colab API is running in port 5000 in development mode!
info: Info: 05-Dec-2022 09:50:24: The Colab API is running in port 5000 in development mode!
info: Info: 05-Dec-2022 09:59:23: The Colab API is running in port 5000 in development mode!
info: Info: 05-Dec-2022 09:59:40: The Colab API is running in port 5000 in development mode!
info: Info: 05-Dec-2022 09:59:42: The Colab API is running in port 5000 in development mode!
info: Info: 05-Dec-2022 10:01:34: The Colab API is running in port 5000 in development mode!
info: Info: 05-Dec-2022 10:01:41: The Colab API is running in port 5000 in development mode!
info: Info: 05-Dec-2022 10:11:50: The Colab API is running in port 5000 in development mode!
info: Info: 05-Dec-2022 10:12:21: The Colab API is running in port 5000 in development mode!
info: Info: 05-Dec-2022 10:12:23: The Colab API is running in port 5000 in development mode!
info: Info: 05-Dec-2022 10:12:26: The Colab API is running in port 5000 in development mode!
info: Info: 05-Dec-2022 10:12:28: The Colab API is running in port 5000 in development mode!
info: Info: 05-Dec-2022 10:12:29: The Colab API is running in port 5000 in development mode!
info: Info: 05-Dec-2022 10:12:36: The Colab API is running in port 5000 in development mode!
info: Info: 05-Dec-2022 10:12:37: The Colab API is running in port 5000 in development mode!
info: Info: 05-Dec-2022 10:12:52: The Colab API is running in port 5000 in development mode!
info: Info: 05-Dec-2022 10:13:19: The Colab API is running in port 5000 in development mode!
info: Info: 05-Dec-2022 10:13:22: The Colab API is running in port 5000 in development mode!
info: Info: 05-Dec-2022 10:14:07: The Colab API is running in port 5000 in development mode!
info: Info: 05-Dec-2022 10:14:22: The Colab API is running in port 5000 in development mode!
info: Info: 05-Dec-2022 10:15:46: The Colab API is running in port 5000 in development mode!
info: Info: 05-Dec-2022 10:19:35: The Colab API is running in port 5000 in development mode!
info: Info: 05-Dec-2022 10:20:29: The Colab API is running in port 5000 in development mode!
info: Info: 05-Dec-2022 10:20:43: The Colab API is running in port 5000 in development mode!
info: Info: 05-Dec-2022 10:20:45: The Colab API is running in port 5000 in development mode!
info: Info: 05-Dec-2022 10:22:00: The Colab API is running in port 5000 in development mode!
info: Info: 05-Dec-2022 10:22:28: The Colab API is running in port 5000 in development mode!
info: Info: 05-Dec-2022 10:22:34: The Colab API is running in port 5000 in development mode!
info: Info: 05-Dec-2022 10:22:47: The Colab API is running in port 5000 in development mode!
info: Info: 05-Dec-2022 10:22:52: The Colab API is running in port 5000 in development mode!
info: Info: 05-Dec-2022 10:22:55: The Colab API is running in port 5000 in development mode!
info: Info: 05-Dec-2022 10:23:05: The Colab API is running in port 5000 in development mode!
info: Info: 05-Dec-2022 10:23:19: The Colab API is running in port 5000 in development mode!
info: Info: 05-Dec-2022 10:23:32: The Colab API is running in port 5000 in development mode!
info: Info: 05-Dec-2022 10:24:15: The Colab API is running in port 5000 in development mode!
info: Info: 05-Dec-2022 10:24:17: The Colab API is running in port 5000 in development mode!
info: Info: 05-Dec-2022 10:24:22: The Colab API is running in port 5000 in development mode!
info: Info: 05-Dec-2022 10:24:25: The Colab API is running in port 5000 in development mode!
info: Info: 05-Dec-2022 10:24:31: The Colab API is running in port 5000 in development mode!
info: Info: 05-Dec-2022 10:24:53: The Colab API is running in port 5000 in development mode!
info: Info: 05-Dec-2022 10:25:00: The Colab API is running in port 5000 in development mode!
info: Info: 05-Dec-2022 10:25:06: The Colab API is running in port 5000 in development mode!
info: Info: 05-Dec-2022 10:25:07: The Colab API is running in port 5000 in development mode!
info: Info: 05-Dec-2022 10:25:11: The Colab API is running in port 5000 in development mode!
info: Info: 05-Dec-2022 10:25:14: The Colab API is running in port 5000 in development mode!
info: Info: 05-Dec-2022 10:25:25: The Colab API is running in port 5000 in development mode!
info: Info: 05-Dec-2022 10:25:30: The Colab API is running in port 5000 in development mode!
info: Info: 05-Dec-2022 10:25:33: The Colab API is running in port 5000 in development mode!
info: Info: 05-Dec-2022 10:25:35: The Colab API is running in port 5000 in development mode!
info: Info: 05-Dec-2022 10:25:54: The Colab API is running in port 5000 in development mode!
info: Info: 05-Dec-2022 10:26:17: The Colab API is running in port 5000 in development mode!
info: Info: 05-Dec-2022 10:26:20: The Colab API is running in port 5000 in development mode!
info: Info: 05-Dec-2022 10:26:22: The Colab API is running in port 5000 in development mode!
info: Info: 05-Dec-2022 10:26:27: The Colab API is running in port 5000 in development mode!
info: Info: 05-Dec-2022 10:29:10: The Colab API is running in port 5000 in development mode!
info: Info: 05-Dec-2022 10:29:13: The Colab API is running in port 5000 in development mode!
info: Info: 05-Dec-2022 10:29:31: The Colab API is running in port 5000 in development mode!
info: Info: 05-Dec-2022 10:29:40: The Colab API is running in port 5000 in development mode!
info: Info: 05-Dec-2022 10:29:55: The Colab API is running in port 5000 in development mode!
info: Info: 05-Dec-2022 10:30:09: The Colab API is running in port 5000 in development mode!
info: Info: 05-Dec-2022 10:30:12: The Colab API is running in port 5000 in development mode!
info: Info: 05-Dec-2022 10:30:20: The Colab API is running in port 5000 in development mode!
info: Info: 05-Dec-2022 10:30:22: The Colab API is running in port 5000 in development mode!
info: Info: 05-Dec-2022 10:30:35: The Colab API is running in port 5000 in development mode!
info: Info: 05-Dec-2022 10:30:46: The Colab API is running in port 5000 in development mode!
info: Info: 05-Dec-2022 10:30:51: The Colab API is running in port 5000 in development mode!
info: Info: 05-Dec-2022 10:30:53: The Colab API is running in port 5000 in development mode!
info: Info: 05-Dec-2022 10:30:56: The Colab API is running in port 5000 in development mode!
info: Info: 05-Dec-2022 10:30:59: The Colab API is running in port 5000 in development mode!
info: Info: 05-Dec-2022 10:31:36: The Colab API is running in port 5000 in development mode!
info: Info: 05-Dec-2022 10:32:48: The Colab API is running in port 5000 in development mode!
info: Info: 05-Dec-2022 10:32:52: The Colab API is running in port 5000 in development mode!
info: Info: 05-Dec-2022 10:32:57: The Colab API is running in port 5000 in development mode!
info: Info: 05-Dec-2022 10:33:10: The Colab API is running in port 5000 in development mode!
info: Info: 05-Dec-2022 10:33:10: The Colab API is running in port 5000 in development mode!
info: Info: 05-Dec-2022 10:33:12: The Colab API is running in port 5000 in development mode!
info: Info: 05-Dec-2022 10:33:34: The Colab API is running in port 5000 in development mode!
info: Info: 05-Dec-2022 10:33:36: The Colab API is running in port 5000 in development mode!
info: Info: 05-Dec-2022 10:34:08: The Colab API is running in port 5000 in development mode!
info: Info: 05-Dec-2022 10:36:22: The Colab API is running in port 5000 in development mode!
info: Info: 05-Dec-2022 10:36:57: The Colab API is running in port 5000 in development mode!
info: Info: 05-Dec-2022 10:37:02: The Colab API is running in port 5000 in development mode!
info: Info: 05-Dec-2022 10:37:19: The Colab API is running in port 5000 in development mode!
info: Info: 05-Dec-2022 10:37:56: The Colab API is running in port 5000 in development mode!
info: Info: 05-Dec-2022 10:38:15: The Colab API is running in port 5000 in development mode!
info: Info: 05-Dec-2022 10:41:28: The Colab API is running in port 5000 in development mode!
info: Info: 05-Dec-2022 10:41:32: The Colab API is running in port 5000 in development mode!
info: Info: 05-Dec-2022 10:41:38: The Colab API is running in port 5000 in development mode!
info: Info: 05-Dec-2022 10:44:32: The Colab API is running in port 5000 in development mode!
info: Info: 05-Dec-2022 10:44:38: The Colab API is running in port 5000 in development mode!
info: Info: 05-Dec-2022 10:44:51: The Colab API is running in port 5000 in development mode!
info: Info: 05-Dec-2022 10:45:53: The Colab API is running in port 5000 in development mode!
info: Info: 05-Dec-2022 10:46:07: The Colab API is running in port 5000 in development mode!
info: Info: 05-Dec-2022 10:46:09: The Colab API is running in port 5000 in development mode!
info: Info: 05-Dec-2022 10:46:43: The Colab API is running in port 5000 in development mode!
info: Info: 05-Dec-2022 10:47:19: The Colab API is running in port 5000 in development mode!
info: Info: 05-Dec-2022 10:47:25: The Colab API is running in port 5000 in development mode!
info: Info: 05-Dec-2022 10:47:34: The Colab API is running in port 5000 in development mode!
info: Info: 05-Dec-2022 10:47:52: The Colab API is running in port 5000 in development mode!
info: Info: 05-Dec-2022 10:47:59: The Colab API is running in port 5000 in development mode!
info: Info: 05-Dec-2022 10:49:19: The Colab API is running in port 5000 in development mode!
info: Info: 05-Dec-2022 10:49:22: The Colab API is running in port 5000 in development mode!
info: Info: 05-Dec-2022 10:49:26: The Colab API is running in port 5000 in development mode!
info: Info: 05-Dec-2022 10:49:28: The Colab API is running in port 5000 in development mode!
info: Info: 05-Dec-2022 10:50:00: The Colab API is running in port 5000 in development mode!
info: Info: 05-Dec-2022 10:51:01: The Colab API is running in port 5000 in development mode!
info: Info: 05-Dec-2022 10:51:53: The Colab API is running in port 5000 in development mode!
info: Info: 05-Dec-2022 10:51:55: The Colab API is running in port 5000 in development mode!
info: Info: 05-Dec-2022 10:51:57: The Colab API is running in port 5000 in development mode!
info: Info: 05-Dec-2022 10:52:09: The Colab API is running in port 5000 in development mode!
info: Info: 05-Dec-2022 10:52:46: The Colab API is running in port 5000 in development mode!
info: Info: 05-Dec-2022 10:52:50: The Colab API is running in port 5000 in development mode!
info: Info: 05-Dec-2022 10:52:52: The Colab API is running in port 5000 in development mode!
info: Info: 05-Dec-2022 10:53:39: The Colab API is running in port 5000 in development mode!
info: Info: 05-Dec-2022 10:53:46: The Colab API is running in port 5000 in development mode!
info: Info: 05-Dec-2022 10:53:55: The Colab API is running in port 5000 in development mode!
info: Info: 05-Dec-2022 10:54:02: The Colab API is running in port 5000 in development mode!
info: Info: 05-Dec-2022 10:55:09: The Colab API is running in port 5000 in development mode!
info: Info: 05-Dec-2022 10:55:11: The Colab API is running in port 5000 in development mode!
info: Info: 05-Dec-2022 10:55:37: The Colab API is running in port 5000 in development mode!
info: Info: 05-Dec-2022 10:55:43: The Colab API is running in port 5000 in development mode!
info: Info: 05-Dec-2022 10:55:47: The Colab API is running in port 5000 in development mode!
info: Info: 05-Dec-2022 10:55:49: The Colab API is running in port 5000 in development mode!
info: Info: 05-Dec-2022 10:56:22: The Colab API is running in port 5000 in development mode!
info: Info: 05-Dec-2022 10:56:25: The Colab API is running in port 5000 in development mode!
info: Info: 05-Dec-2022 10:56:31: The Colab API is running in port 5000 in development mode!
info: Info: 05-Dec-2022 10:56:33: The Colab API is running in port 5000 in development mode!
info: Info: 05-Dec-2022 11:02:14: The Colab API is running in port 5000 in development mode!
info: Info: 05-Dec-2022 11:02:34: The Colab API is running in port 5000 in development mode!
info: Info: 05-Dec-2022 11:03:20: The Colab API is running in port 5000 in development mode!
info: Info: 05-Dec-2022 11:03:23: The Colab API is running in port 5000 in development mode!
info: Info: 05-Dec-2022 11:03:30: The Colab API is running in port 5000 in development mode!
info: Info: 05-Dec-2022 11:03:32: The Colab API is running in port 5000 in development mode!
info: Info: 05-Dec-2022 11:03:35: The Colab API is running in port 5000 in development mode!
info: Info: 05-Dec-2022 11:03:38: The Colab API is running in port 5000 in development mode!
info: Info: 05-Dec-2022 11:03:40: The Colab API is running in port 5000 in development mode!
info: Info: 05-Dec-2022 11:03:43: The Colab API is running in port 5000 in development mode!
info: Info: 05-Dec-2022 11:04:14: The Colab API is running in port 5000 in development mode!
info: Info: 05-Dec-2022 11:04:25: The Colab API is running in port 5000 in development mode!
info: Info: 05-Dec-2022 11:04:40: The Colab API is running in port 5000 in development mode!
info: Info: 05-Dec-2022 11:04:41: The Colab API is running in port 5000 in development mode!
info: Info: 05-Dec-2022 11:04:43: The Colab API is running in port 5000 in development mode!
info: Info: 05-Dec-2022 11:06:28: The Colab API is running in port 5000 in development mode!
info: Info: 05-Dec-2022 11:06:29: The Colab API is running in port 5000 in development mode!
info: Info: 05-Dec-2022 11:06:37: The Colab API is running in port 5000 in development mode!
info: Info: 05-Dec-2022 11:08:15: The Colab API is running in port 5000 in development mode!
info: Info: 05-Dec-2022 11:12:16: The Colab API is running in port 5000 in development mode!
info: Info: 05-Dec-2022 11:12:22: The Colab API is running in port 5000 in development mode!
info: Info: 05-Dec-2022 11:12:36: The Colab API is running in port 5000 in development mode!
info: Info: 05-Dec-2022 11:12:48: The Colab API is running in port 5000 in development mode!
info: Info: 05-Dec-2022 11:13:03: The Colab API is running in port 5000 in development mode!
info: Info: 05-Dec-2022 11:13:07: The Colab API is running in port 5000 in development mode!
info: Info: 05-Dec-2022 11:13:09: The Colab API is running in port 5000 in development mode!
info: Info: 05-Dec-2022 11:13:10: The Colab API is running in port 5000 in development mode!
info: Info: 05-Dec-2022 11:13:26: The Colab API is running in port 5000 in development mode!
info: Info: 05-Dec-2022 11:14:11: The Colab API is running in port 5000 in development mode!
info: Info: 05-Dec-2022 11:14:35: The Colab API is running in port 5000 in development mode!
info: Info: 05-Dec-2022 11:14:42: The Colab API is running in port 5000 in development mode!
info: Info: 05-Dec-2022 11:16:02: The Colab API is running in port 5000 in development mode!
info: Info: 05-Dec-2022 11:16:14: The Colab API is running in port 5000 in development mode!
info: Info: 05-Dec-2022 11:16:40: The Colab API is running in port 5000 in development mode!
info: Info: 05-Dec-2022 11:16:43: The Colab API is running in port 5000 in development mode!
info: Info: 05-Dec-2022 11:16:48: The Colab API is running in port 5000 in development mode!
info: Info: 05-Dec-2022 11:17:13: The Colab API is running in port 5000 in development mode!
info: Info: 05-Dec-2022 11:18:11: The Colab API is running in port 5000 in development mode!
info: Info: 05-Dec-2022 11:18:38: The Colab API is running in port 5000 in development mode!
info: Info: 05-Dec-2022 11:19:03: The Colab API is running in port 5000 in development mode!
info: Info: 05-Dec-2022 11:19:45: The Colab API is running in port 5000 in development mode!
info: Info: 05-Dec-2022 11:19:53: The Colab API is running in port 5000 in development mode!
info: Info: 05-Dec-2022 11:20:27: The Colab API is running in port 5000 in development mode!
info: Info: 05-Dec-2022 11:23:02: The Colab API is running in port 5000 in development mode!
info: Info: 05-Dec-2022 11:25:07: The Colab API is running in port 5000 in development mode!
info: Info: 05-Dec-2022 11:29:30: The Colab API is running in port 5000 in development mode!
info: Info: 05-Dec-2022 11:29:54: The Colab API is running in port 5000 in development mode!
info: Info: 05-Dec-2022 11:30:01: The Colab API is running in port 5000 in development mode!
info: Info: 05-Dec-2022 11:31:48: The Colab API is running in port 5000 in development mode!
info: Info: 05-Dec-2022 11:31:53: The Colab API is running in port 5000 in development mode!
info: Info: 05-Dec-2022 11:32:22: The Colab API is running in port 5000 in development mode!
info: Info: 05-Dec-2022 11:32:55: The Colab API is running in port 5000 in development mode!
info: Info: 05-Dec-2022 11:35:04: The Colab API is running in port 5000 in development mode!
info: Info: 05-Dec-2022 11:36:39: The Colab API is running in port 5000 in development mode!
info: Info: 05-Dec-2022 11:36:42: The Colab API is running in port 5000 in development mode!
info: Info: 05-Dec-2022 11:39:20: The Colab API is running in port 5000 in development mode!
info: Info: 05-Dec-2022 11:39:29: The Colab API is running in port 5000 in development mode!
info: Info: 05-Dec-2022 11:39:31: The Colab API is running in port 5000 in development mode!
info: Info: 05-Dec-2022 11:39:50: The Colab API is running in port 5000 in development mode!
info: Info: 05-Dec-2022 11:40:06: The Colab API is running in port 5000 in development mode!
info: Info: 05-Dec-2022 11:40:34: The Colab API is running in port 5000 in development mode!
info: Info: 05-Dec-2022 11:46:58: The Colab API is running in port 5000 in development mode!
info: Info: 05-Dec-2022 11:47:14: The Colab API is running in port 5000 in development mode!
info: Info: 05-Dec-2022 11:47:17: The Colab API is running in port 5000 in development mode!
info: Info: 05-Dec-2022 11:47:40: The Colab API is running in port 5000 in development mode!
info: Info: 05-Dec-2022 11:47:45: The Colab API is running in port 5000 in development mode!
info: Info: 05-Dec-2022 11:47:48: The Colab API is running in port 5000 in development mode!
info: Info: 05-Dec-2022 11:47:53: The Colab API is running in port 5000 in development mode!
info: Info: 05-Dec-2022 11:49:44: The Colab API is running in port 5000 in development mode!
info: Info: 05-Dec-2022 11:50:30: The Colab API is running in port 5000 in development mode!
info: Info: 05-Dec-2022 11:51:48: The Colab API is running in port 5000 in development mode!
info: Info: 05-Dec-2022 11:51:51: The Colab API is running in port 5000 in development mode!
info: Info: 05-Dec-2022 11:51:53: The Colab API is running in port 5000 in development mode!
info: Info: 05-Dec-2022 11:52:21: The Colab API is running in port 5000 in development mode!
info: Info: 05-Dec-2022 11:52:24: The Colab API is running in port 5000 in development mode!
info: Info: 05-Dec-2022 11:52:25: The Colab API is running in port 5000 in development mode!
info: Info: 05-Dec-2022 11:52:27: The Colab API is running in port 5000 in development mode!
info: Info: 05-Dec-2022 11:53:18: The Colab API is running in port 5000 in development mode!
info: Info: 05-Dec-2022 11:53:25: The Colab API is running in port 5000 in development mode!
info: Info: 05-Dec-2022 11:53:27: The Colab API is running in port 5000 in development mode!
info: Info: 05-Dec-2022 11:53:30: The Colab API is running in port 5000 in development mode!
info: Info: 05-Dec-2022 11:53:31: The Colab API is running in port 5000 in development mode!
info: Info: 05-Dec-2022 11:54:00: The Colab API is running in port 5000 in development mode!
info: Info: 05-Dec-2022 11:54:18: The Colab API is running in port 5000 in development mode!
info: Info: 05-Dec-2022 11:54:27: The Colab API is running in port 5000 in development mode!
info: Info: 05-Dec-2022 11:55:06: The Colab API is running in port 5000 in development mode!
info: Info: 05-Dec-2022 11:55:10: The Colab API is running in port 5000 in development mode!
info: Info: 05-Dec-2022 11:55:23: The Colab API is running in port 5000 in development mode!
info: Info: 05-Dec-2022 11:55:26: The Colab API is running in port 5000 in development mode!
info: Info: 05-Dec-2022 11:55:27: The Colab API is running in port 5000 in development mode!
info: Info: 05-Dec-2022 11:55:29: The Colab API is running in port 5000 in development mode!
info: Info: 05-Dec-2022 11:55:43: The Colab API is running in port 5000 in development mode!
info: Info: 05-Dec-2022 11:55:47: The Colab API is running in port 5000 in development mode!
info: Info: 05-Dec-2022 11:55:57: The Colab API is running in port 5000 in development mode!
info: Info: 05-Dec-2022 11:56:14: The Colab API is running in port 5000 in development mode!
info: Info: 05-Dec-2022 11:56:24: The Colab API is running in port 5000 in development mode!
info: Info: 05-Dec-2022 11:56:33: The Colab API is running in port 5000 in development mode!
info: Info: 05-Dec-2022 11:56:40: The Colab API is running in port 5000 in development mode!
info: Info: 05-Dec-2022 11:57:11: The Colab API is running in port 5000 in development mode!
info: Info: 05-Dec-2022 11:57:52: The Colab API is running in port 5000 in development mode!
info: Info: 05-Dec-2022 11:57:59: The Colab API is running in port 5000 in development mode!
info: Info: 05-Dec-2022 11:58:05: The Colab API is running in port 5000 in development mode!
info: Info: 05-Dec-2022 11:58:27: The Colab API is running in port 5000 in development mode!
info: Info: 05-Dec-2022 11:58:56: The Colab API is running in port 5000 in development mode!
info: Info: 05-Dec-2022 11:58:57: The Colab API is running in port 5000 in development mode!
info: Info: 05-Dec-2022 11:59:00: The Colab API is running in port 5000 in development mode!
info: Info: 05-Dec-2022 11:59:02: The Colab API is running in port 5000 in development mode!
info: Info: 05-Dec-2022 11:59:03: The Colab API is running in port 5000 in development mode!
info: Info: 05-Dec-2022 11:59:09: The Colab API is running in port 5000 in development mode!
info: Info: 05-Dec-2022 11:59:11: The Colab API is running in port 5000 in development mode!
info: Info: 05-Dec-2022 11:59:14: The Colab API is running in port 5000 in development mode!
info: Info: 05-Dec-2022 11:59:17: The Colab API is running in port 5000 in development mode!
info: Info: 05-Dec-2022 11:59:18: The Colab API is running in port 5000 in development mode!
info: Info: 05-Dec-2022 11:59:28: The Colab API is running in port 5000 in development mode!
info: Info: 05-Dec-2022 11:59:57: The Colab API is running in port 5000 in development mode!
info: Info: 05-Dec-2022 12:00:53: The Colab API is running in port 5000 in development mode!
info: Info: 05-Dec-2022 12:01:25: The Colab API is running in port 5000 in development mode!
info: Info: 05-Dec-2022 12:01:32: The Colab API is running in port 5000 in development mode!
info: Info: 05-Dec-2022 12:01:38: The Colab API is running in port 5000 in development mode!
info: Info: 05-Dec-2022 12:01:50: The Colab API is running in port 5000 in development mode!
info: Info: 05-Dec-2022 12:02:22: The Colab API is running in port 5000 in development mode!
info: Info: 05-Dec-2022 12:02:29: The Colab API is running in port 5000 in development mode!
info: Info: 05-Dec-2022 12:02:32: The Colab API is running in port 5000 in development mode!
info: Info: 05-Dec-2022 12:02:35: The Colab API is running in port 5000 in development mode!
info: Info: 05-Dec-2022 12:02:37: The Colab API is running in port 5000 in development mode!
info: Info: 05-Dec-2022 12:02:38: The Colab API is running in port 5000 in development mode!
info: Info: 05-Dec-2022 12:02:39: The Colab API is running in port 5000 in development mode!
info: Info: 05-Dec-2022 12:02:40: The Colab API is running in port 5000 in development mode!
info: Info: 05-Dec-2022 12:02:42: The Colab API is running in port 5000 in development mode!
info: Info: 05-Dec-2022 12:03:05: The Colab API is running in port 5000 in development mode!
info: Info: 05-Dec-2022 12:03:11: The Colab API is running in port 5000 in development mode!
info: Info: 05-Dec-2022 12:06:31: The Colab API is running in port 5000 in development mode!
info: Info: 05-Dec-2022 12:06:38: The Colab API is running in port 5000 in development mode!
info: Info: 05-Dec-2022 12:06:50: The Colab API is running in port 5000 in development mode!
info: Info: 05-Dec-2022 12:06:55: The Colab API is running in port 5000 in development mode!
info: Info: 05-Dec-2022 12:07:01: The Colab API is running in port 5000 in development mode!
info: Info: 05-Dec-2022 12:08:54: The Colab API is running in port 5000 in development mode!
info: Info: 05-Dec-2022 12:09:04: The Colab API is running in port 5000 in development mode!
info: Info: 05-Dec-2022 12:09:09: The Colab API is running in port 5000 in development mode!
info: Info: 05-Dec-2022 12:09:10: The Colab API is running in port 5000 in development mode!
info: Info: 05-Dec-2022 12:09:13: The Colab API is running in port 5000 in development mode!
info: Info: 05-Dec-2022 12:09:20: The Colab API is running in port 5000 in development mode!
info: Info: 05-Dec-2022 12:10:10: The Colab API is running in port 5000 in development mode!
info: Info: 05-Dec-2022 12:11:01: The Colab API is running in port 5000 in development mode!
info: Info: 05-Dec-2022 12:11:10: The Colab API is running in port 5000 in development mode!
info: Info: 05-Dec-2022 12:11:36: The Colab API is running in port 5000 in development mode!
info: Info: 05-Dec-2022 12:15:12: The Colab API is running in port 5000 in development mode!
info: Info: 05-Dec-2022 12:15:20: The Colab API is running in port 5000 in development mode!
info: Info: 05-Dec-2022 12:15:22: The Colab API is running in port 5000 in development mode!
info: Info: 05-Dec-2022 12:17:00: The Colab API is running in port 5000 in development mode!
info: Info: 05-Dec-2022 12:17:37: The Colab API is running in port 5000 in development mode!
info: Info: 05-Dec-2022 12:17:50: The Colab API is running in port 5000 in development mode!
info: Info: 05-Dec-2022 12:17:56: The Colab API is running in port 5000 in development mode!
info: Info: 05-Dec-2022 12:18:28: The Colab API is running in port 5000 in development mode!
info: Info: 06-Dec-2022 09:26:56: The Colab API is running in port 5000 in development mode!
info: Info: 06-Dec-2022 09:32:55: The Colab API is running in port 5000 in development mode!
info: Info: 06-Dec-2022 09:34:44: The Colab API is running in port 5000 in development mode!
info: Info: 06-Dec-2022 09:35:33: The Colab API is running in port 5000 in development mode!
info: Info: 06-Dec-2022 09:35:45: The Colab API is running in port 5000 in development mode!
info: Info: 06-Dec-2022 09:35:59: The Colab API is running in port 5000 in development mode!
info: Info: 06-Dec-2022 09:39:10: The Colab API is running in port 5000 in development mode!
info: Info: 06-Dec-2022 09:40:54: The Colab API is running in port 5000 in development mode!
info: Info: 06-Dec-2022 09:57:16: The Colab API is running in port 5000 in development mode!
info: Info: 06-Dec-2022 09:59:48: The Colab API is running in port 5000 in development mode!
info: Info: 06-Dec-2022 10:01:27: The Colab API is running in port 5000 in development mode!
info: Info: 06-Dec-2022 10:01:29: The Colab API is running in port 5000 in development mode!
info: Info: 06-Dec-2022 10:02:06: The Colab API is running in port 5000 in development mode!
info: Info: 06-Dec-2022 10:02:24: The Colab API is running in port 5000 in development mode!
info: Info: 06-Dec-2022 12:57:52: The Colab API is running in port 5000 in development mode!
info: Info: 06-Dec-2022 12:58:31: undefined efectuou o login
info: Info: 06-Dec-2022 12:59:37: The Colab API is running in port 5000 in development mode!
info: Info: 06-Dec-2022 12:59:57: undefined efectuou o login
info: Info: 06-Dec-2022 13:02:42: undefined efectuou o login
info: Info: 06-Dec-2022 13:16:13: The Colab API is running in port 5000 in development mode!
info: Info: 06-Dec-2022 13:16:34: undefined efectuou o login
info: Info: 06-Dec-2022 13:16:56: The Colab API is running in port 5000 in development mode!
info: Info: 06-Dec-2022 13:17:18: undefined efectuou o login
info: Info: 06-Dec-2022 13:17:43: The Colab API is running in port 5000 in development mode!
info: Info: 06-Dec-2022 13:17:47: The Colab API is running in port 5000 in development mode!
info: Info: 06-Dec-2022 13:18:17: undefined efectuou o login
info: Info: 06-Dec-2022 13:20:53: The Colab API is running in port 5000 in development mode!
info: Info: 06-Dec-2022 13:24:30: undefined efectuou o login
info: Info: 06-Dec-2022 13:25:26: The Colab API is running in port 5000 in development mode!
info: Info: 06-Dec-2022 13:25:48: System Root efectuou o login
info: Info: 06-Dec-2022 13:28:03: The Colab API is running in port 5000 in development mode!
info: Info: 06-Dec-2022 13:29:41: The Colab API is running in port 5000 in development mode!
info: Info: 06-Dec-2022 13:49:52: System Root efectuou o login
info: Info: 06-Dec-2022 13:50:35: The Colab API is running in port 5000 in development mode!
info: Info: 06-Dec-2022 13:50:55: Page 'Home' has loaded successfully!
info: Info: 06-Dec-2022 13:50:56: Page 'Home' has loaded successfully!
error: Error: 06-Dec-2022 13:51:04: 1:Unhandled Promise:Error [ERR_HTTP_HEADERS_SENT]: Cannot set headers after they are sent to the client
error: Process had error: 06-Dec-2022 13:51:04: Cannot set headers after they are sent to the client | 1: Unhandled Promise
error: Error: 06-Dec-2022 13:51:04: 1:Unhandled Promise:Error [ERR_HTTP_HEADERS_SENT]: Cannot set headers after they are sent to the client
error: Process had error: 06-Dec-2022 13:51:04: Cannot set headers after they are sent to the client | 1: Unhandled Promise
error: Error: 06-Dec-2022 13:51:04: 1:Unhandled Promise:Error [ERR_HTTP_HEADERS_SENT]: Cannot set headers after they are sent to the client
error: Process had error: 06-Dec-2022 13:51:04: Cannot set headers after they are sent to the client | 1: Unhandled Promise
