error: Label🏷️: 01-Dec-2022 10:06:31: sms test error logger
error: Label🏷️: 01-Dec-2022 10:06:31: sms test error logger
error: Error: 01-Dec-2022 10:08:21: sms test error logger
error: Error: 01-Dec-2022 10:08:21: sms test error logger
error: Error: 01-Dec-2022 10:09:06: sms test error logger
error: Error: 01-Dec-2022 10:09:06: sms test error logger
error: Error: 01-Dec-2022 10:09:13: sms test error logger
error: Error: 01-Dec-2022 10:09:13: sms test error logger
error: Error: 01-Dec-2022 10:09:15: sms test error logger
error: Error: 01-Dec-2022 10:09:15: sms test error logger
error: Empty: 01-Dec-2022 10:09:32: sms test error logger
error: Empty: 01-Dec-2022 10:09:32: sms test error logger
error: Label Error: 01-Dec-2022 12:35:52: Test Error | 0: SIGINT : SIGINT
error: Error: 01-Dec-2022 12:43:22: Test Error | 0: SIGINT : SIGINT
error: Error: 06-Dec-2022 13:51:04: 1:Unhandled Promise:Error [ERR_HTTP_HEADERS_SENT]: Cannot set headers after they are sent to the client
error: Process had error: 06-Dec-2022 13:51:04: Cannot set headers after they are sent to the client | 1: Unhandled Promise
error: Error: 06-Dec-2022 13:51:04: 1:Unhandled Promise:Error [ERR_HTTP_HEADERS_SENT]: Cannot set headers after they are sent to the client
error: Process had error: 06-Dec-2022 13:51:04: Cannot set headers after they are sent to the client | 1: Unhandled Promise
error: Error: 06-Dec-2022 13:51:04: 1:Unhandled Promise:Error [ERR_HTTP_HEADERS_SENT]: Cannot set headers after they are sent to the client
error: Process had error: 06-Dec-2022 13:51:04: Cannot set headers after they are sent to the client | 1: Unhandled Promise
